[04-May-2019 19:06:13 UTC] PHP Warning:  Invalid argument supplied for foreach() in /home/ubuntu/workspace/cst336finalProject/api/cartAPI/addCartAPI.php on line 7
[04-May-2019 19:06:13 UTC] PHP Stack trace:
[04-May-2019 19:06:13 UTC] PHP   1. {main}() /home/ubuntu/workspace/cst336finalProject/api/cartAPI/addCartAPI.php:0
[04-May-2019 19:11:06 UTC] PHP Fatal error:  Uncaught exception 'PDOException' with message 'SQLSTATE[23000]: Integrity constraint violation: 1048 Column 'product_id' cannot be null' in /home/ubuntu/workspace/cst336finalProject/api/cartAPI/addToCart.php:20
Stack trace:
#0 /home/ubuntu/workspace/cst336finalProject/api/cartAPI/addToCart.php(20): PDOStatement->execute(Array)
#1 {main}
  thrown in /home/ubuntu/workspace/cst336finalProject/api/cartAPI/addToCart.php on line 20
[04-May-2019 19:14:50 UTC] PHP Fatal error:  Uncaught exception 'PDOException' with message 'SQLSTATE[42000]: Syntax error or access violation: 1064 You have an error in your SQL syntax; check the manual that corresponds to your MySQL server version for the right syntax to use near '' at line 1' in /home/ubuntu/workspace/cst336finalProject/api/cartAPI/getAllFromCart.php:11
Stack trace:
#0 /home/ubuntu/workspace/cst336finalProject/api/cartAPI/getAllFromCart.php(11): PDOStatement->execute()
#1 {main}
  thrown in /home/ubuntu/workspace/cst336finalProject/api/cartAPI/getAllFromCart.php on line 11
[04-May-2019 19:15:08 UTC] PHP Fatal error:  Uncaught exception 'PDOException' with message 'SQLSTATE[42000]: Syntax error or access violation: 1064 You have an error in your SQL syntax; check the manual that corresponds to your MySQL server version for the right syntax to use near '' at line 1' in /home/ubuntu/workspace/cst336finalProject/api/cartAPI/getAllFromCart.php:11
Stack trace:
#0 /home/ubuntu/workspace/cst336finalProject/api/cartAPI/getAllFromCart.php(11): PDOStatement->execute()
#1 {main}
  thrown in /home/ubuntu/workspace/cst336finalProject/api/cartAPI/getAllFromCart.php on line 11
[04-May-2019 19:15:33 UTC] PHP Fatal error:  Uncaught exception 'PDOException' with message 'SQLSTATE[42S22]: Column not found: 1054 Unknown column 'JacobG' in 'where clause'' in /home/ubuntu/workspace/cst336finalProject/api/cartAPI/getAllFromCart.php:11
Stack trace:
#0 /home/ubuntu/workspace/cst336finalProject/api/cartAPI/getAllFromCart.php(11): PDOStatement->execute()
#1 {main}
  thrown in /home/ubuntu/workspace/cst336finalProject/api/cartAPI/getAllFromCart.php on line 11
[04-May-2019 19:15:39 UTC] PHP Fatal error:  Uncaught exception 'PDOException' with message 'SQLSTATE[42S22]: Column not found: 1054 Unknown column 'JacobG' in 'where clause'' in /home/ubuntu/workspace/cst336finalProject/api/cartAPI/getAllFromCart.php:11
Stack trace:
#0 /home/ubuntu/workspace/cst336finalProject/api/cartAPI/getAllFromCart.php(11): PDOStatement->execute()
#1 {main}
  thrown in /home/ubuntu/workspace/cst336finalProject/api/cartAPI/getAllFromCart.php on line 11
[04-May-2019 20:16:10 UTC] PHP Fatal error:  Uncaught exception 'PDOException' with message 'SQLSTATE[42000]: Syntax error or access violation: 1064 You have an error in your SQL syntax; check the manual that corresponds to your MySQL server version for the right syntax to use near '' at line 1' in /home/ubuntu/workspace/cst336finalProject/api/productAPI/getProductInfo.php:10
Stack trace:
#0 /home/ubuntu/workspace/cst336finalProject/api/productAPI/getProductInfo.php(10): PDOStatement->execute()
#1 {main}
  thrown in /home/ubuntu/workspace/cst336finalProject/api/productAPI/getProductInfo.php on line 10
[04-May-2019 20:34:32 UTC] PHP Fatal error:  Uncaught exception 'PDOException' with message 'SQLSTATE[42000]: Syntax error or access violation: 1064 You have an error in your SQL syntax; check the manual that corresponds to your MySQL server version for the right syntax to use near '' at line 1' in /home/ubuntu/workspace/cst336finalProject/api/productAPI/getProductInfo.php:10
Stack trace:
#0 /home/ubuntu/workspace/cst336finalProject/api/productAPI/getProductInfo.php(10): PDOStatement->execute()
#1 {main}
  thrown in /home/ubuntu/workspace/cst336finalProject/api/productAPI/getProductInfo.php on line 10
[04-May-2019 20:35:20 UTC] PHP Fatal error:  Uncaught exception 'PDOException' with message 'SQLSTATE[42000]: Syntax error or access violation: 1064 You have an error in your SQL syntax; check the manual that corresponds to your MySQL server version for the right syntax to use near '' at line 1' in /home/ubuntu/workspace/cst336finalProject/api/productAPI/getProductInfo.php:10
Stack trace:
#0 /home/ubuntu/workspace/cst336finalProject/api/productAPI/getProductInfo.php(10): PDOStatement->execute()
#1 {main}
  thrown in /home/ubuntu/workspace/cst336finalProject/api/productAPI/getProductInfo.php on line 10
[04-May-2019 20:40:27 UTC] PHP Fatal error:  Uncaught exception 'PDOException' with message 'SQLSTATE[42000]: Syntax error or access violation: 1064 You have an error in your SQL syntax; check the manual that corresponds to your MySQL server version for the right syntax to use near '' at line 1' in /home/ubuntu/workspace/cst336finalProject/api/productAPI/getProductInfo.php:10
Stack trace:
#0 /home/ubuntu/workspace/cst336finalProject/api/productAPI/getProductInfo.php(10): PDOStatement->execute()
#1 {main}
  thrown in /home/ubuntu/workspace/cst336finalProject/api/productAPI/getProductInfo.php on line 10
[04-May-2019 20:46:10 UTC] PHP Fatal error:  Uncaught exception 'PDOException' with message 'SQLSTATE[42000]: Syntax error or access violation: 1064 You have an error in your SQL syntax; check the manual that corresponds to your MySQL server version for the right syntax to use near '' at line 1' in /home/ubuntu/workspace/cst336finalProject/api/productAPI/getProductInfo.php:10
Stack trace:
#0 /home/ubuntu/workspace/cst336finalProject/api/productAPI/getProductInfo.php(10): PDOStatement->execute()
#1 {main}
  thrown in /home/ubuntu/workspace/cst336finalProject/api/productAPI/getProductInfo.php on line 10
[04-May-2019 20:47:00 UTC] PHP Fatal error:  Uncaught exception 'PDOException' with message 'SQLSTATE[42000]: Syntax error or access violation: 1064 You have an error in your SQL syntax; check the manual that corresponds to your MySQL server version for the right syntax to use near '' at line 1' in /home/ubuntu/workspace/cst336finalProject/api/productAPI/getProductInfo.php:10
Stack trace:
#0 /home/ubuntu/workspace/cst336finalProject/api/productAPI/getProductInfo.php(10): PDOStatement->execute()
#1 {main}
  thrown in /home/ubuntu/workspace/cst336finalProject/api/productAPI/getProductInfo.php on line 10
[04-May-2019 20:47:02 UTC] PHP Fatal error:  Uncaught exception 'PDOException' with message 'SQLSTATE[42000]: Syntax error or access violation: 1064 You have an error in your SQL syntax; check the manual that corresponds to your MySQL server version for the right syntax to use near '' at line 1' in /home/ubuntu/workspace/cst336finalProject/api/productAPI/getProductInfo.php:10
Stack trace:
#0 /home/ubuntu/workspace/cst336finalProject/api/productAPI/getProductInfo.php(10): PDOStatement->execute()
#1 {main}
  thrown in /home/ubuntu/workspace/cst336finalProject/api/productAPI/getProductInfo.php on line 10
[04-May-2019 20:48:45 UTC] PHP Fatal error:  Uncaught exception 'PDOException' with message 'SQLSTATE[42000]: Syntax error or access violation: 1064 You have an error in your SQL syntax; check the manual that corresponds to your MySQL server version for the right syntax to use near '' at line 1' in /home/ubuntu/workspace/cst336finalProject/api/productAPI/getProductInfo.php:10
Stack trace:
#0 /home/ubuntu/workspace/cst336finalProject/api/productAPI/getProductInfo.php(10): PDOStatement->execute()
#1 {main}
  thrown in /home/ubuntu/workspace/cst336finalProject/api/productAPI/getProductInfo.php on line 10
[04-May-2019 20:48:48 UTC] PHP Fatal error:  Uncaught exception 'PDOException' with message 'SQLSTATE[42000]: Syntax error or access violation: 1064 You have an error in your SQL syntax; check the manual that corresponds to your MySQL server version for the right syntax to use near '' at line 1' in /home/ubuntu/workspace/cst336finalProject/api/productAPI/getProductInfo.php:10
Stack trace:
#0 /home/ubuntu/workspace/cst336finalProject/api/productAPI/getProductInfo.php(10): PDOStatement->execute()
#1 {main}
  thrown in /home/ubuntu/workspace/cst336finalProject/api/productAPI/getProductInfo.php on line 10
[04-May-2019 20:51:15 UTC] PHP Fatal error:  Uncaught exception 'PDOException' with message 'SQLSTATE[42000]: Syntax error or access violation: 1064 You have an error in your SQL syntax; check the manual that corresponds to your MySQL server version for the right syntax to use near '' at line 1' in /home/ubuntu/workspace/cst336finalProject/api/productAPI/getProductInfo.php:10
Stack trace:
#0 /home/ubuntu/workspace/cst336finalProject/api/productAPI/getProductInfo.php(10): PDOStatement->execute()
#1 {main}
  thrown in /home/ubuntu/workspace/cst336finalProject/api/productAPI/getProductInfo.php on line 10
[04-May-2019 20:51:18 UTC] PHP Fatal error:  Uncaught exception 'PDOException' with message 'SQLSTATE[42000]: Syntax error or access violation: 1064 You have an error in your SQL syntax; check the manual that corresponds to your MySQL server version for the right syntax to use near '' at line 1' in /home/ubuntu/workspace/cst336finalProject/api/productAPI/getProductInfo.php:10
Stack trace:
#0 /home/ubuntu/workspace/cst336finalProject/api/productAPI/getProductInfo.php(10): PDOStatement->execute()
#1 {main}
  thrown in /home/ubuntu/workspace/cst336finalProject/api/productAPI/getProductInfo.php on line 10
[04-May-2019 20:52:16 UTC] PHP Fatal error:  Uncaught exception 'PDOException' with message 'SQLSTATE[42000]: Syntax error or access violation: 1064 You have an error in your SQL syntax; check the manual that corresponds to your MySQL server version for the right syntax to use near '' at line 1' in /home/ubuntu/workspace/cst336finalProject/api/productAPI/getProductInfo.php:10
Stack trace:
#0 /home/ubuntu/workspace/cst336finalProject/api/productAPI/getProductInfo.php(10): PDOStatement->execute()
#1 {main}
  thrown in /home/ubuntu/workspace/cst336finalProject/api/productAPI/getProductInfo.php on line 10
[04-May-2019 20:52:18 UTC] PHP Fatal error:  Uncaught exception 'PDOException' with message 'SQLSTATE[42000]: Syntax error or access violation: 1064 You have an error in your SQL syntax; check the manual that corresponds to your MySQL server version for the right syntax to use near '' at line 1' in /home/ubuntu/workspace/cst336finalProject/api/productAPI/getProductInfo.php:10
Stack trace:
#0 /home/ubuntu/workspace/cst336finalProject/api/productAPI/getProductInfo.php(10): PDOStatement->execute()
#1 {main}
  thrown in /home/ubuntu/workspace/cst336finalProject/api/productAPI/getProductInfo.php on line 10
[04-May-2019 20:54:27 UTC] PHP Fatal error:  Uncaught exception 'PDOException' with message 'SQLSTATE[42000]: Syntax error or access violation: 1064 You have an error in your SQL syntax; check the manual that corresponds to your MySQL server version for the right syntax to use near '' at line 1' in /home/ubuntu/workspace/cst336finalProject/api/productAPI/getProductInfo.php:10
Stack trace:
#0 /home/ubuntu/workspace/cst336finalProject/api/productAPI/getProductInfo.php(10): PDOStatement->execute()
#1 {main}
  thrown in /home/ubuntu/workspace/cst336finalProject/api/productAPI/getProductInfo.php on line 10
[04-May-2019 20:54:29 UTC] PHP Fatal error:  Uncaught exception 'PDOException' with message 'SQLSTATE[42000]: Syntax error or access violation: 1064 You have an error in your SQL syntax; check the manual that corresponds to your MySQL server version for the right syntax to use near '' at line 1' in /home/ubuntu/workspace/cst336finalProject/api/productAPI/getProductInfo.php:10
Stack trace:
#0 /home/ubuntu/workspace/cst336finalProject/api/productAPI/getProductInfo.php(10): PDOStatement->execute()
#1 {main}
  thrown in /home/ubuntu/workspace/cst336finalProject/api/productAPI/getProductInfo.php on line 10
[04-May-2019 20:54:47 UTC] PHP Fatal error:  Uncaught exception 'PDOException' with message 'SQLSTATE[42000]: Syntax error or access violation: 1064 You have an error in your SQL syntax; check the manual that corresponds to your MySQL server version for the right syntax to use near '' at line 1' in /home/ubuntu/workspace/cst336finalProject/api/productAPI/getProductInfo.php:10
Stack trace:
#0 /home/ubuntu/workspace/cst336finalProject/api/productAPI/getProductInfo.php(10): PDOStatement->execute()
#1 {main}
  thrown in /home/ubuntu/workspace/cst336finalProject/api/productAPI/getProductInfo.php on line 10
[04-May-2019 20:54:49 UTC] PHP Fatal error:  Uncaught exception 'PDOException' with message 'SQLSTATE[42000]: Syntax error or access violation: 1064 You have an error in your SQL syntax; check the manual that corresponds to your MySQL server version for the right syntax to use near '' at line 1' in /home/ubuntu/workspace/cst336finalProject/api/productAPI/getProductInfo.php:10
Stack trace:
#0 /home/ubuntu/workspace/cst336finalProject/api/productAPI/getProductInfo.php(10): PDOStatement->execute()
#1 {main}
  thrown in /home/ubuntu/workspace/cst336finalProject/api/productAPI/getProductInfo.php on line 10
[04-May-2019 20:55:08 UTC] PHP Fatal error:  Uncaught exception 'PDOException' with message 'SQLSTATE[42000]: Syntax error or access violation: 1064 You have an error in your SQL syntax; check the manual that corresponds to your MySQL server version for the right syntax to use near '' at line 1' in /home/ubuntu/workspace/cst336finalProject/api/productAPI/getProductInfo.php:10
Stack trace:
#0 /home/ubuntu/workspace/cst336finalProject/api/productAPI/getProductInfo.php(10): PDOStatement->execute()
#1 {main}
  thrown in /home/ubuntu/workspace/cst336finalProject/api/productAPI/getProductInfo.php on line 10
[04-May-2019 20:55:10 UTC] PHP Fatal error:  Uncaught exception 'PDOException' with message 'SQLSTATE[42000]: Syntax error or access violation: 1064 You have an error in your SQL syntax; check the manual that corresponds to your MySQL server version for the right syntax to use near '' at line 1' in /home/ubuntu/workspace/cst336finalProject/api/productAPI/getProductInfo.php:10
Stack trace:
#0 /home/ubuntu/workspace/cst336finalProject/api/productAPI/getProductInfo.php(10): PDOStatement->execute()
#1 {main}
  thrown in /home/ubuntu/workspace/cst336finalProject/api/productAPI/getProductInfo.php on line 10
[04-May-2019 20:55:46 UTC] PHP Fatal error:  Uncaught exception 'PDOException' with message 'SQLSTATE[42000]: Syntax error or access violation: 1064 You have an error in your SQL syntax; check the manual that corresponds to your MySQL server version for the right syntax to use near '' at line 1' in /home/ubuntu/workspace/cst336finalProject/api/productAPI/getProductInfo.php:10
Stack trace:
#0 /home/ubuntu/workspace/cst336finalProject/api/productAPI/getProductInfo.php(10): PDOStatement->execute()
#1 {main}
  thrown in /home/ubuntu/workspace/cst336finalProject/api/productAPI/getProductInfo.php on line 10
[04-May-2019 20:55:47 UTC] PHP Fatal error:  Uncaught exception 'PDOException' with message 'SQLSTATE[42000]: Syntax error or access violation: 1064 You have an error in your SQL syntax; check the manual that corresponds to your MySQL server version for the right syntax to use near '' at line 1' in /home/ubuntu/workspace/cst336finalProject/api/productAPI/getProductInfo.php:10
Stack trace:
#0 /home/ubuntu/workspace/cst336finalProject/api/productAPI/getProductInfo.php(10): PDOStatement->execute()
#1 {main}
  thrown in /home/ubuntu/workspace/cst336finalProject/api/productAPI/getProductInfo.php on line 10
[04-May-2019 20:56:58 UTC] PHP Fatal error:  Uncaught exception 'PDOException' with message 'SQLSTATE[42000]: Syntax error or access violation: 1064 You have an error in your SQL syntax; check the manual that corresponds to your MySQL server version for the right syntax to use near '' at line 1' in /home/ubuntu/workspace/cst336finalProject/api/productAPI/getProductInfo.php:10
Stack trace:
#0 /home/ubuntu/workspace/cst336finalProject/api/productAPI/getProductInfo.php(10): PDOStatement->execute()
#1 {main}
  thrown in /home/ubuntu/workspace/cst336finalProject/api/productAPI/getProductInfo.php on line 10
[04-May-2019 20:57:00 UTC] PHP Fatal error:  Uncaught exception 'PDOException' with message 'SQLSTATE[42000]: Syntax error or access violation: 1064 You have an error in your SQL syntax; check the manual that corresponds to your MySQL server version for the right syntax to use near '' at line 1' in /home/ubuntu/workspace/cst336finalProject/api/productAPI/getProductInfo.php:10
Stack trace:
#0 /home/ubuntu/workspace/cst336finalProject/api/productAPI/getProductInfo.php(10): PDOStatement->execute()
#1 {main}
  thrown in /home/ubuntu/workspace/cst336finalProject/api/productAPI/getProductInfo.php on line 10
[04-May-2019 20:57:29 UTC] PHP Fatal error:  Uncaught exception 'PDOException' with message 'SQLSTATE[42000]: Syntax error or access violation: 1064 You have an error in your SQL syntax; check the manual that corresponds to your MySQL server version for the right syntax to use near '' at line 1' in /home/ubuntu/workspace/cst336finalProject/api/productAPI/getProductInfo.php:10
Stack trace:
#0 /home/ubuntu/workspace/cst336finalProject/api/productAPI/getProductInfo.php(10): PDOStatement->execute()
#1 {main}
  thrown in /home/ubuntu/workspace/cst336finalProject/api/productAPI/getProductInfo.php on line 10
[04-May-2019 21:00:15 UTC] PHP Fatal error:  Uncaught exception 'PDOException' with message 'SQLSTATE[42000]: Syntax error or access violation: 1064 You have an error in your SQL syntax; check the manual that corresponds to your MySQL server version for the right syntax to use near '' at line 1' in /home/ubuntu/workspace/cst336finalProject/api/productAPI/getProductInfo.php:10
Stack trace:
#0 /home/ubuntu/workspace/cst336finalProject/api/productAPI/getProductInfo.php(10): PDOStatement->execute()
#1 {main}
  thrown in /home/ubuntu/workspace/cst336finalProject/api/productAPI/getProductInfo.php on line 10
[04-May-2019 21:03:59 UTC] PHP Fatal error:  Uncaught exception 'PDOException' with message 'SQLSTATE[42000]: Syntax error or access violation: 1064 You have an error in your SQL syntax; check the manual that corresponds to your MySQL server version for the right syntax to use near '' at line 1' in /home/ubuntu/workspace/cst336finalProject/api/productAPI/getProductInfo.php:10
Stack trace:
#0 /home/ubuntu/workspace/cst336finalProject/api/productAPI/getProductInfo.php(10): PDOStatement->execute()
#1 {main}
  thrown in /home/ubuntu/workspace/cst336finalProject/api/productAPI/getProductInfo.php on line 10
[04-May-2019 21:05:15 UTC] PHP Fatal error:  Uncaught exception 'PDOException' with message 'SQLSTATE[42000]: Syntax error or access violation: 1064 You have an error in your SQL syntax; check the manual that corresponds to your MySQL server version for the right syntax to use near '' at line 1' in /home/ubuntu/workspace/cst336finalProject/api/productAPI/getProductInfo.php:10
Stack trace:
#0 /home/ubuntu/workspace/cst336finalProject/api/productAPI/getProductInfo.php(10): PDOStatement->execute()
#1 {main}
  thrown in /home/ubuntu/workspace/cst336finalProject/api/productAPI/getProductInfo.php on line 10
[04-May-2019 21:06:19 UTC] PHP Fatal error:  Uncaught exception 'PDOException' with message 'SQLSTATE[42000]: Syntax error or access violation: 1064 You have an error in your SQL syntax; check the manual that corresponds to your MySQL server version for the right syntax to use near '' at line 1' in /home/ubuntu/workspace/cst336finalProject/api/productAPI/getProductInfo.php:10
Stack trace:
#0 /home/ubuntu/workspace/cst336finalProject/api/productAPI/getProductInfo.php(10): PDOStatement->execute()
#1 {main}
  thrown in /home/ubuntu/workspace/cst336finalProject/api/productAPI/getProductInfo.php on line 10
[04-May-2019 21:06:21 UTC] PHP Fatal error:  Uncaught exception 'PDOException' with message 'SQLSTATE[42000]: Syntax error or access violation: 1064 You have an error in your SQL syntax; check the manual that corresponds to your MySQL server version for the right syntax to use near '' at line 1' in /home/ubuntu/workspace/cst336finalProject/api/productAPI/getProductInfo.php:10
Stack trace:
#0 /home/ubuntu/workspace/cst336finalProject/api/productAPI/getProductInfo.php(10): PDOStatement->execute()
#1 {main}
  thrown in /home/ubuntu/workspace/cst336finalProject/api/productAPI/getProductInfo.php on line 10
[04-May-2019 21:07:39 UTC] PHP Fatal error:  Uncaught exception 'PDOException' with message 'SQLSTATE[42000]: Syntax error or access violation: 1064 You have an error in your SQL syntax; check the manual that corresponds to your MySQL server version for the right syntax to use near '' at line 1' in /home/ubuntu/workspace/cst336finalProject/api/productAPI/getProductInfo.php:10
Stack trace:
#0 /home/ubuntu/workspace/cst336finalProject/api/productAPI/getProductInfo.php(10): PDOStatement->execute()
#1 {main}
  thrown in /home/ubuntu/workspace/cst336finalProject/api/productAPI/getProductInfo.php on line 10
[05-May-2019 00:30:21 UTC] PHP Fatal error:  Uncaught exception 'PDOException' with message 'SQLSTATE[42000]: Syntax error or access violation: 1064 You have an error in your SQL syntax; check the manual that corresponds to your MySQL server version for the right syntax to use near '' at line 1' in /home/ubuntu/workspace/cst336finalProject/api/productAPI/getProductInfo.php:10
Stack trace:
#0 /home/ubuntu/workspace/cst336finalProject/api/productAPI/getProductInfo.php(10): PDOStatement->execute()
#1 {main}
  thrown in /home/ubuntu/workspace/cst336finalProject/api/productAPI/getProductInfo.php on line 10
[05-May-2019 00:31:05 UTC] PHP Fatal error:  Uncaught exception 'PDOException' with message 'SQLSTATE[42000]: Syntax error or access violation: 1064 You have an error in your SQL syntax; check the manual that corresponds to your MySQL server version for the right syntax to use near '' at line 1' in /home/ubuntu/workspace/cst336finalProject/api/productAPI/getProductInfo.php:10
Stack trace:
#0 /home/ubuntu/workspace/cst336finalProject/api/productAPI/getProductInfo.php(10): PDOStatement->execute()
#1 {main}
  thrown in /home/ubuntu/workspace/cst336finalProject/api/productAPI/getProductInfo.php on line 10
[05-May-2019 00:31:24 UTC] PHP Fatal error:  Uncaught exception 'PDOException' with message 'SQLSTATE[42000]: Syntax error or access violation: 1064 You have an error in your SQL syntax; check the manual that corresponds to your MySQL server version for the right syntax to use near '' at line 1' in /home/ubuntu/workspace/cst336finalProject/api/productAPI/getProductInfo.php:10
Stack trace:
#0 /home/ubuntu/workspace/cst336finalProject/api/productAPI/getProductInfo.php(10): PDOStatement->execute()
#1 {main}
  thrown in /home/ubuntu/workspace/cst336finalProject/api/productAPI/getProductInfo.php on line 10
[05-May-2019 00:31:25 UTC] PHP Fatal error:  Uncaught exception 'PDOException' with message 'SQLSTATE[42000]: Syntax error or access violation: 1064 You have an error in your SQL syntax; check the manual that corresponds to your MySQL server version for the right syntax to use near '' at line 1' in /home/ubuntu/workspace/cst336finalProject/api/productAPI/getProductInfo.php:10
Stack trace:
#0 /home/ubuntu/workspace/cst336finalProject/api/productAPI/getProductInfo.php(10): PDOStatement->execute()
#1 {main}
  thrown in /home/ubuntu/workspace/cst336finalProject/api/productAPI/getProductInfo.php on line 10
[05-May-2019 00:31:44 UTC] PHP Fatal error:  Uncaught exception 'PDOException' with message 'SQLSTATE[42000]: Syntax error or access violation: 1064 You have an error in your SQL syntax; check the manual that corresponds to your MySQL server version for the right syntax to use near '' at line 1' in /home/ubuntu/workspace/cst336finalProject/api/productAPI/getProductInfo.php:10
Stack trace:
#0 /home/ubuntu/workspace/cst336finalProject/api/productAPI/getProductInfo.php(10): PDOStatement->execute()
#1 {main}
  thrown in /home/ubuntu/workspace/cst336finalProject/api/productAPI/getProductInfo.php on line 10
[05-May-2019 00:31:45 UTC] PHP Fatal error:  Uncaught exception 'PDOException' with message 'SQLSTATE[42000]: Syntax error or access violation: 1064 You have an error in your SQL syntax; check the manual that corresponds to your MySQL server version for the right syntax to use near '' at line 1' in /home/ubuntu/workspace/cst336finalProject/api/productAPI/getProductInfo.php:10
Stack trace:
#0 /home/ubuntu/workspace/cst336finalProject/api/productAPI/getProductInfo.php(10): PDOStatement->execute()
#1 {main}
  thrown in /home/ubuntu/workspace/cst336finalProject/api/productAPI/getProductInfo.php on line 10
[05-May-2019 00:32:46 UTC] PHP Fatal error:  Uncaught exception 'PDOException' with message 'SQLSTATE[42000]: Syntax error or access violation: 1064 You have an error in your SQL syntax; check the manual that corresponds to your MySQL server version for the right syntax to use near '' at line 1' in /home/ubuntu/workspace/cst336finalProject/api/productAPI/getProductInfo.php:10
Stack trace:
#0 /home/ubuntu/workspace/cst336finalProject/api/productAPI/getProductInfo.php(10): PDOStatement->execute()
#1 {main}
  thrown in /home/ubuntu/workspace/cst336finalProject/api/productAPI/getProductInfo.php on line 10
[05-May-2019 00:32:48 UTC] PHP Fatal error:  Uncaught exception 'PDOException' with message 'SQLSTATE[42000]: Syntax error or access violation: 1064 You have an error in your SQL syntax; check the manual that corresponds to your MySQL server version for the right syntax to use near '' at line 1' in /home/ubuntu/workspace/cst336finalProject/api/productAPI/getProductInfo.php:10
Stack trace:
#0 /home/ubuntu/workspace/cst336finalProject/api/productAPI/getProductInfo.php(10): PDOStatement->execute()
#1 {main}
  thrown in /home/ubuntu/workspace/cst336finalProject/api/productAPI/getProductInfo.php on line 10
[05-May-2019 00:32:58 UTC] PHP Fatal error:  Uncaught exception 'PDOException' with message 'SQLSTATE[42000]: Syntax error or access violation: 1064 You have an error in your SQL syntax; check the manual that corresponds to your MySQL server version for the right syntax to use near '' at line 1' in /home/ubuntu/workspace/cst336finalProject/api/productAPI/getProductInfo.php:10
Stack trace:
#0 /home/ubuntu/workspace/cst336finalProject/api/productAPI/getProductInfo.php(10): PDOStatement->execute()
#1 {main}
  thrown in /home/ubuntu/workspace/cst336finalProject/api/productAPI/getProductInfo.php on line 10
[06-May-2019 21:15:09 UTC] PHP Fatal error:  Uncaught exception 'PDOException' with message 'SQLSTATE[HY093]: Invalid parameter number: parameter was not defined' in /home/ubuntu/workspace/cst336finalProject/api/cartAPI/addCart.php:20
Stack trace:
#0 /home/ubuntu/workspace/cst336finalProject/api/cartAPI/addCart.php(20): PDOStatement->execute(Array)
#1 {main}
  thrown in /home/ubuntu/workspace/cst336finalProject/api/cartAPI/addCart.php on line 20
[06-May-2019 21:17:08 UTC] PHP Fatal error:  Uncaught exception 'PDOException' with message 'SQLSTATE[HY093]: Invalid parameter number: parameter was not defined' in /home/ubuntu/workspace/cst336finalProject/api/cartAPI/addCart.php:20
Stack trace:
#0 /home/ubuntu/workspace/cst336finalProject/api/cartAPI/addCart.php(20): PDOStatement->execute(Array)
#1 {main}
  thrown in /home/ubuntu/workspace/cst336finalProject/api/cartAPI/addCart.php on line 20
[06-May-2019 21:33:37 UTC] PHP Parse error:  syntax error, unexpected '$stmt' (T_VARIABLE) in /home/ubuntu/workspace/cst336finalProject/api/cartAPI/addCart.php on line 23
[06-May-2019 21:35:21 UTC] PHP Parse error:  syntax error, unexpected '$stmt' (T_VARIABLE) in /home/ubuntu/workspace/cst336finalProject/api/cartAPI/addCart.php on line 23
[06-May-2019 21:35:48 UTC] PHP Parse error:  syntax error, unexpected '$stmt' (T_VARIABLE) in /home/ubuntu/workspace/cst336finalProject/api/cartAPI/addCart.php on line 23
[06-May-2019 21:46:32 UTC] PHP Warning:  include(../inc/dbConnection.php): failed to open stream: No such file or directory in /home/ubuntu/workspace/cst336finalProject/api/userAPI/userInfo.php on line 2
[06-May-2019 21:46:32 UTC] PHP Stack trace:
[06-May-2019 21:46:32 UTC] PHP   1. {main}() /home/ubuntu/workspace/cst336finalProject/api/userAPI/userInfo.php:0
[06-May-2019 21:46:32 UTC] PHP Warning:  include(): Failed opening '../inc/dbConnection.php' for inclusion (include_path='.:/usr/share/php:/usr/share/pear') in /home/ubuntu/workspace/cst336finalProject/api/userAPI/userInfo.php on line 2
[06-May-2019 21:46:32 UTC] PHP Stack trace:
[06-May-2019 21:46:32 UTC] PHP   1. {main}() /home/ubuntu/workspace/cst336finalProject/api/userAPI/userInfo.php:0
[06-May-2019 21:46:32 UTC] PHP Fatal error:  Call to undefined function getDatabaseConnection() in /home/ubuntu/workspace/cst336finalProject/api/userAPI/userInfo.php on line 3
[06-May-2019 21:46:32 UTC] PHP Stack trace:
[06-May-2019 21:46:32 UTC] PHP   1. {main}() /home/ubuntu/workspace/cst336finalProject/api/userAPI/userInfo.php:0
[06-May-2019 21:46:52 UTC] PHP Warning:  include(../inc/dbConnection.php): failed to open stream: No such file or directory in /home/ubuntu/workspace/cst336finalProject/api/userAPI/userInfo.php on line 2
[06-May-2019 21:46:52 UTC] PHP Stack trace:
[06-May-2019 21:46:52 UTC] PHP   1. {main}() /home/ubuntu/workspace/cst336finalProject/api/userAPI/userInfo.php:0
[06-May-2019 21:46:52 UTC] PHP Warning:  include(): Failed opening '../inc/dbConnection.php' for inclusion (include_path='.:/usr/share/php:/usr/share/pear') in /home/ubuntu/workspace/cst336finalProject/api/userAPI/userInfo.php on line 2
[06-May-2019 21:46:52 UTC] PHP Stack trace:
[06-May-2019 21:46:52 UTC] PHP   1. {main}() /home/ubuntu/workspace/cst336finalProject/api/userAPI/userInfo.php:0
[06-May-2019 21:46:52 UTC] PHP Fatal error:  Call to undefined function getDatabaseConnection() in /home/ubuntu/workspace/cst336finalProject/api/userAPI/userInfo.php on line 3
[06-May-2019 21:46:52 UTC] PHP Stack trace:
[06-May-2019 21:46:52 UTC] PHP   1. {main}() /home/ubuntu/workspace/cst336finalProject/api/userAPI/userInfo.php:0
[06-May-2019 21:46:54 UTC] PHP Warning:  include(../inc/dbConnection.php): failed to open stream: No such file or directory in /home/ubuntu/workspace/cst336finalProject/api/userAPI/userInfo.php on line 2
[06-May-2019 21:46:54 UTC] PHP Stack trace:
[06-May-2019 21:46:54 UTC] PHP   1. {main}() /home/ubuntu/workspace/cst336finalProject/api/userAPI/userInfo.php:0
[06-May-2019 21:46:54 UTC] PHP Warning:  include(): Failed opening '../inc/dbConnection.php' for inclusion (include_path='.:/usr/share/php:/usr/share/pear') in /home/ubuntu/workspace/cst336finalProject/api/userAPI/userInfo.php on line 2
[06-May-2019 21:46:54 UTC] PHP Stack trace:
[06-May-2019 21:46:54 UTC] PHP   1. {main}() /home/ubuntu/workspace/cst336finalProject/api/userAPI/userInfo.php:0
[06-May-2019 21:46:54 UTC] PHP Fatal error:  Call to undefined function getDatabaseConnection() in /home/ubuntu/workspace/cst336finalProject/api/userAPI/userInfo.php on line 3
[06-May-2019 21:46:54 UTC] PHP Stack trace:
[06-May-2019 21:46:54 UTC] PHP   1. {main}() /home/ubuntu/workspace/cst336finalProject/api/userAPI/userInfo.php:0
[09-May-2019 21:18:13 UTC] PHP Fatal error:  Unsupported operand types in /home/ubuntu/workspace/cst336finalProject/api/cartAPI/checkout.php on line 19
[09-May-2019 21:18:13 UTC] PHP Stack trace:
[09-May-2019 21:18:13 UTC] PHP   1. {main}() /home/ubuntu/workspace/cst336finalProject/api/cartAPI/checkout.php:0
[09-May-2019 21:19:40 UTC] PHP Fatal error:  Unsupported operand types in /home/ubuntu/workspace/cst336finalProject/api/cartAPI/checkout.php on line 19
[09-May-2019 21:19:40 UTC] PHP Stack trace:
[09-May-2019 21:19:40 UTC] PHP   1. {main}() /home/ubuntu/workspace/cst336finalProject/api/cartAPI/checkout.php:0
[09-May-2019 21:29:34 UTC] PHP Fatal error:  Unsupported operand types in /home/ubuntu/workspace/cst336finalProject/api/cartAPI/checkout.php on line 17
[09-May-2019 21:29:34 UTC] PHP Stack trace:
[09-May-2019 21:29:34 UTC] PHP   1. {main}() /home/ubuntu/workspace/cst336finalProject/api/cartAPI/checkout.php:0
[09-May-2019 21:38:19 UTC] PHP Fatal error:  Uncaught exception 'PDOException' with message 'SQLSTATE[42S22]: Column not found: 1054 Unknown column 'quantity' in 'field list'' in /home/ubuntu/workspace/cst336finalProject/api/cartAPI/checkout.php:30
Stack trace:
#0 /home/ubuntu/workspace/cst336finalProject/api/cartAPI/checkout.php(30): PDOStatement->execute(Array)
#1 {main}
  thrown in /home/ubuntu/workspace/cst336finalProject/api/cartAPI/checkout.php on line 30
[09-May-2019 21:39:19 UTC] PHP Fatal error:  Uncaught exception 'PDOException' with message 'SQLSTATE[42S22]: Column not found: 1054 Unknown column 'quantity' in 'field list'' in /home/ubuntu/workspace/cst336finalProject/api/cartAPI/checkout.php:30
Stack trace:
#0 /home/ubuntu/workspace/cst336finalProject/api/cartAPI/checkout.php(30): PDOStatement->execute(Array)
#1 {main}
  thrown in /home/ubuntu/workspace/cst336finalProject/api/cartAPI/checkout.php on line 30
[09-May-2019 21:40:13 UTC] PHP Fatal error:  Uncaught exception 'PDOException' with message 'SQLSTATE[42000]: Syntax error or access violation: 1064 You have an error in your SQL syntax; check the manual that corresponds to your MySQL server version for the right syntax to use near '` = '9' AND username = 'JacobG'' at line 1' in /home/ubuntu/workspace/cst336finalProject/api/cartAPI/checkout.php:37
Stack trace:
#0 /home/ubuntu/workspace/cst336finalProject/api/cartAPI/checkout.php(37): PDOStatement->execute(Array)
#1 {main}
  thrown in /home/ubuntu/workspace/cst336finalProject/api/cartAPI/checkout.php on line 37
[09-May-2019 21:40:51 UTC] PHP Fatal error:  Uncaught exception 'PDOException' with message 'SQLSTATE[42000]: Syntax error or access violation: 1064 You have an error in your SQL syntax; check the manual that corresponds to your MySQL server version for the right syntax to use near '` = '9' AND username = 'JacobG'' at line 1' in /home/ubuntu/workspace/cst336finalProject/api/cartAPI/checkout.php:37
Stack trace:
#0 /home/ubuntu/workspace/cst336finalProject/api/cartAPI/checkout.php(37): PDOStatement->execute(Array)
#1 {main}
  thrown in /home/ubuntu/workspace/cst336finalProject/api/cartAPI/checkout.php on line 37
[09-May-2019 21:44:27 UTC] PHP Warning:  Invalid argument supplied for foreach() in /home/ubuntu/workspace/cst336finalProject/api/cartAPI/checkout.php on line 8
[09-May-2019 21:44:27 UTC] PHP Stack trace:
[09-May-2019 21:44:27 UTC] PHP   1. {main}() /home/ubuntu/workspace/cst336finalProject/api/cartAPI/checkout.php:0
